<?xml version="1.0" encoding="UTF-8"?>
<!-- Generated by org.testng.reporters.JUnitReportReporter -->
<testsuite hostname="DESKTOP-7NA2GMB" failures="0" tests="1" name="wo.CreateCampaignTest" time="0.012" errors="0" timestamp="2022-03-24T13:50:57 IST" skipped="0">
  <testcase classname="wo.CreateCampaignTest" name="campaign" time="0.012"/>
  <system-out/>
</testsuite> <!-- wo.CreateCampaignTest -->
