<?xml version="1.0" encoding="UTF-8"?>
<!-- Generated by org.testng.reporters.JUnitReportReporter -->
<testsuite skipped="0" hostname="DESKTOP-9MKM63L" name="wo.CreateContant" tests="1" failures="0" timestamp="2022-03-23T14:20:06 IST" time="0.011" errors="0">
  <testcase name="createContact" time="0.011" classname="wo.CreateContant"/>
  <system-out/>
</testsuite> <!-- wo.CreateContant -->
