<?xml version="1.0" encoding="UTF-8"?>
<!-- Generated by org.testng.reporters.JUnitReportReporter -->
<testsuite hostname="DESKTOP-7NA2GMB" failures="0" tests="1" name="wo.CreateContant" time="0.011" errors="0" timestamp="2022-03-24T13:49:47 IST" skipped="0">
  <testcase classname="wo.CreateContant" name="createContact" time="0.011"/>
  <system-out/>
</testsuite> <!-- wo.CreateContant -->
